04-26-2016 @ 18:09:23 - Getting the order installments...
04-26-2016 @ 18:09:26 - Installments generated successfully: Array
(
    [installments] => Array
        (
            [1] => Array
                (
                    [installment] => 1
                    [amount] => 999
                    [installment_amount] => 999
                )

            [2] => Array
                (
                    [installment] => 2
                    [amount] => 999
                    [installment_amount] => 500
                )

            [3] => Array
                (
                    [installment] => 3
                    [amount] => 999
                    [installment_amount] => 333
                )

            [4] => Array
                (
                    [installment] => 4
                    [amount] => 999
                    [installment_amount] => 250
                )

            [5] => Array
                (
                    [installment] => 5
                    [amount] => 999
                    [installment_amount] => 200
                )

            [6] => Array
                (
                    [installment] => 6
                    [amount] => 999
                    [installment_amount] => 167
                )

            [7] => Array
                (
                    [installment] => 7
                    [amount] => 999
                    [installment_amount] => 143
                )

            [8] => Array
                (
                    [installment] => 8
                    [amount] => 999
                    [installment_amount] => 125
                )

            [9] => Array
                (
                    [installment] => 9
                    [amount] => 999
                    [installment_amount] => 111
                )

            [10] => Array
                (
                    [installment] => 10
                    [amount] => 999
                    [installment_amount] => 100
                )

            [11] => Array
                (
                    [installment] => 11
                    [amount] => 999
                    [installment_amount] => 91
                )

            [12] => Array
                (
                    [installment] => 12
                    [amount] => 999
                    [installment_amount] => 83
                )

        )

)

04-26-2016 @ 18:13:06 - Getting the order installments...
04-26-2016 @ 18:13:07 - Installments generated successfully: Array
(
    [installments] => Array
        (
            [1] => Array
                (
                    [installment] => 1
                    [amount] => 1999
                    [installment_amount] => 1999
                )

            [2] => Array
                (
                    [installment] => 2
                    [amount] => 1999
                    [installment_amount] => 1000
                )

            [3] => Array
                (
                    [installment] => 3
                    [amount] => 1999
                    [installment_amount] => 666
                )

            [4] => Array
                (
                    [installment] => 4
                    [amount] => 1999
                    [installment_amount] => 500
                )

            [5] => Array
                (
                    [installment] => 5
                    [amount] => 1999
                    [installment_amount] => 400
                )

            [6] => Array
                (
                    [installment] => 6
                    [amount] => 1999
                    [installment_amount] => 333
                )

            [7] => Array
                (
                    [installment] => 7
                    [amount] => 1999
                    [installment_amount] => 286
                )

            [8] => Array
                (
                    [installment] => 8
                    [amount] => 1999
                    [installment_amount] => 250
                )

            [9] => Array
                (
                    [installment] => 9
                    [amount] => 1999
                    [installment_amount] => 222
                )

            [10] => Array
                (
                    [installment] => 10
                    [amount] => 1999
                    [installment_amount] => 200
                )

            [11] => Array
                (
                    [installment] => 11
                    [amount] => 1999
                    [installment_amount] => 182
                )

            [12] => Array
                (
                    [installment] => 12
                    [amount] => 1999
                    [installment_amount] => 167
                )

        )

)

04-26-2016 @ 18:14:07 - Doing a transaction for order 10...
04-26-2016 @ 18:14:08 - Transaction completed successfully! The transaction response is: Array
(
    [object] => transaction
    [status] => processing
    [refuse_reason] => 
    [status_reason] => acquirer
    [acquirer_response_code] => 
    [acquirer_name] => 
    [authorization_code] => 
    [soft_descriptor] => 
    [tid] => 
    [nsu] => 
    [date_created] => 2016-04-26T21:16:43.252Z
    [date_updated] => 2016-04-26T21:16:43.252Z
    [amount] => 1999
    [authorized_amount] => 0
    [paid_amount] => 0
    [refunded_amount] => 0
    [installments] => 1
    [id] => 470316
    [cost] => 0
    [card_holder_name] => lucas santos
    [card_last_digits] => 1111
    [card_first_digits] => 411111
    [card_brand] => visa
    [postback_url] => http://dev.dentalcremer.com.br/?wc-api=WC_Pagarme_Credit_Card_Gateway
    [payment_method] => credit_card
    [capture_method] => ecommerce
    [antifraud_score] => 
    [boleto_url] => 
    [boleto_barcode] => 
    [boleto_expiration_date] => 
    [referer] => api_key
    [ip] => 179.191.82.50
    [subscription_id] => 
    [phone] => Array
        (
            [object] => phone
            [ddi] => 55
            [ddd] => 11
            [number] => 111111111
            [id] => 25747
        )

    [address] => Array
        (
            [object] => address
            [street] => Rua Piraju
            [complementary] => 
            [street_number] => 218
            [neighborhood] => Conjunto Habitacional Brigadeiro Faria Lima
            [city] => São Paulo
            [state] => SP
            [zipcode] => 04840110
            [country] => Brasil
            [id] => 26441
        )

    [customer] => Array
        (
            [object] => customer
            [document_number] => 42076833803
            [document_type] => cpf
            [name] => lucas santos
            [email] => lucas.santos@pagar.me
            [born_at] => 
            [gender] => 
            [date_created] => 2016-04-26T21:16:43.200Z
            [id] => 58108
        )

    [card] => Array
        (
            [object] => card
            [id] => card_cinhxnnfw00dy2k6ezaub3cup
            [date_created] => 2016-04-26T21:16:43.244Z
            [date_updated] => 2016-04-26T21:16:43.244Z
            [brand] => visa
            [holder_name] => lucas santos
            [first_digits] => 411111
            [last_digits] => 1111
            [country] => US
            [fingerprint] => YfcAjw+ww1Ae
            [valid] => 
        )

    [metadata] => Array
        (
        )

    [antifraud_metadata] => Array
        (
        )

)

04-26-2016 @ 18:14:08 - Payment status for order 10 is now: processing
